2023-01-31 23:34:29,372 [Worker-7: Loading available Gradle versions] INFO  o.e.b.c.i.u.g.PublishedGradleVersions - Gradle version information cache is up-to-date. Trying to read.
2023-01-31 23:35:39,417 [Worker-2: Importing Maven projects] INFO  o.e.m.c.i.l.LifecycleMappingFactory - Using org.eclipse.m2e.jdt.JarLifecycleMapping lifecycle mapping for MavenProject: com.gyan:MetroSystemSpringBoot:0.0.1-SNAPSHOT @ D:\Metro System\Metro-System-Spring-Boot\5.0_MetroSystemSpringBootJDBCApi\pom.xml.
2023-01-31 23:35:41,236 [Worker-2: Importing Maven projects] INFO  o.e.m.j.i.AbstractJavaProjectConfigurator - Adding source folder /5.0_MetroSystemSpringBootJDBCApi/src/main/java
2023-01-31 23:35:41,237 [Worker-2: Importing Maven projects] INFO  o.e.m.j.i.AbstractJavaProjectConfigurator - Adding resource folder /5.0_MetroSystemSpringBootJDBCApi/src/main/resources
2023-01-31 23:35:41,242 [Worker-2: Importing Maven projects] INFO  o.e.m.j.i.AbstractJavaProjectConfigurator - Adding resource folder /5.0_MetroSystemSpringBootJDBCApi/src/main/resources
2023-01-31 23:35:41,246 [Worker-2: Importing Maven projects] INFO  o.e.m.j.i.AbstractJavaProjectConfigurator - Adding source folder /5.0_MetroSystemSpringBootJDBCApi/src/test/java
2023-01-31 23:35:42,959 [Worker-2: Importing Maven projects] INFO  o.e.m.c.i.p.ProjectConfigurationManager - Imported and configured 1 project(s) in 6 sec
2023-01-31 23:35:44,607 [Worker-3: Building] INFO  o.a.m.s.f.DefaultMavenResourcesFiltering - Copying 1 resource
2023-01-31 23:35:44,641 [Worker-3: Building] INFO  o.a.m.s.f.DefaultMavenResourcesFiltering - Copying 0 resource
2023-01-31 23:35:44,645 [Worker-3: Building] INFO  o.a.m.s.f.DefaultMavenResourcesFiltering - skip non existing resourceDirectory D:\Metro System\Metro-System-Spring-Boot\5.0_MetroSystemSpringBootJDBCApi\src\test\resources
2023-01-31 23:36:24,491 [Worker-4: Building] INFO  o.a.m.s.f.DefaultMavenResourcesFiltering - Copying 0 resource
2023-01-31 23:36:24,491 [Worker-4: Building] INFO  o.a.m.s.f.DefaultMavenResourcesFiltering - Copying 0 resource
2023-01-31 23:36:24,494 [Worker-4: Building] INFO  o.a.m.s.f.DefaultMavenResourcesFiltering - skip non existing resourceDirectory D:\Metro System\Metro-System-Spring-Boot\5.0_MetroSystemSpringBootJDBCApi\src\test\resources
2023-01-31 23:47:00,943 [Worker-7: Building] INFO  o.e.m.c.i.l.LifecycleMappingFactory - Using org.eclipse.m2e.jdt.JarLifecycleMapping lifecycle mapping for MavenProject: com.gyan:MetroSystemSpringBoot:0.0.1-SNAPSHOT @ D:\Metro System\Metro-System-Spring-Boot\5.0_MetroSystemSpringBootJDBCApi\pom.xml.
2023-01-31 23:47:01,228 [Worker-7: Building] INFO  o.a.m.s.f.DefaultMavenResourcesFiltering - Copying 0 resource
2023-01-31 23:47:01,228 [Worker-7: Building] INFO  o.a.m.s.f.DefaultMavenResourcesFiltering - Copying 0 resource
2023-01-31 23:47:01,230 [Worker-7: Building] INFO  o.a.m.s.f.DefaultMavenResourcesFiltering - skip non existing resourceDirectory D:\Metro System\Metro-System-Spring-Boot\5.0_MetroSystemSpringBootJDBCApi\src\test\resources
2023-01-31 23:47:10,754 [Worker-10: Updating Maven Project] INFO  o.e.m.c.i.p.ProjectConfigurationManager - Update started
2023-01-31 23:47:11,063 [Worker-10: Updating Maven Project] INFO  o.e.m.c.i.l.LifecycleMappingFactory - Using org.eclipse.m2e.jdt.JarLifecycleMapping lifecycle mapping for MavenProject: com.gyan:MetroSystemSpringBoot:0.0.1-SNAPSHOT @ D:\Metro System\Metro-System-Spring-Boot\5.0_MetroSystemSpringBootJDBCApi\pom.xml.
2023-01-31 23:47:11,304 [Worker-10: Updating Maven Project] INFO  o.e.m.j.i.AbstractJavaProjectConfigurator - Adding source folder /5.0_MetroSystemSpringBootJDBCApi/src/main/java
2023-01-31 23:47:11,304 [Worker-10: Updating Maven Project] INFO  o.e.m.j.i.AbstractJavaProjectConfigurator - Adding resource folder /5.0_MetroSystemSpringBootJDBCApi/src/main/resources
2023-01-31 23:47:11,305 [Worker-10: Updating Maven Project] INFO  o.e.m.j.i.AbstractJavaProjectConfigurator - Adding resource folder /5.0_MetroSystemSpringBootJDBCApi/src/main/resources
2023-01-31 23:47:11,305 [Worker-10: Updating Maven Project] INFO  o.e.m.j.i.AbstractJavaProjectConfigurator - Adding source folder /5.0_MetroSystemSpringBootJDBCApi/src/test/java
2023-01-31 23:47:15,557 [Worker-10: Updating Maven Project] INFO  o.e.m.c.i.p.ProjectConfigurationManager - Update completed: 4 sec
2023-01-31 23:47:16,339 [Worker-10: Building] INFO  o.a.m.s.f.DefaultMavenResourcesFiltering - Copying 1 resource
2023-01-31 23:47:16,359 [Worker-10: Building] INFO  o.a.m.s.f.DefaultMavenResourcesFiltering - Copying 0 resource
2023-01-31 23:47:16,361 [Worker-10: Building] INFO  o.a.m.s.f.DefaultMavenResourcesFiltering - skip non existing resourceDirectory D:\Metro System\Metro-System-Spring-Boot\5.0_MetroSystemSpringBootJDBCApi\src\test\resources
2023-01-31 23:47:50,579 [Worker-10: Updating Maven Project] INFO  o.e.m.c.i.p.ProjectConfigurationManager - Update started
2023-01-31 23:47:50,823 [Worker-10: Updating Maven Project] INFO  o.e.m.c.i.l.LifecycleMappingFactory - Using org.eclipse.m2e.jdt.JarLifecycleMapping lifecycle mapping for MavenProject: com.gyan:MetroSystemSpringBoot:0.0.1-SNAPSHOT @ D:\Metro System\Metro-System-Spring-Boot\5.0_MetroSystemSpringBootJDBCApi\pom.xml.
2023-01-31 23:47:51,050 [Worker-10: Updating Maven Project] INFO  o.e.m.j.i.AbstractJavaProjectConfigurator - Adding source folder /5.0_MetroSystemSpringBootJDBCApi/src/main/java
2023-01-31 23:47:51,050 [Worker-10: Updating Maven Project] INFO  o.e.m.j.i.AbstractJavaProjectConfigurator - Adding resource folder /5.0_MetroSystemSpringBootJDBCApi/src/main/resources
2023-01-31 23:47:51,051 [Worker-10: Updating Maven Project] INFO  o.e.m.j.i.AbstractJavaProjectConfigurator - Adding resource folder /5.0_MetroSystemSpringBootJDBCApi/src/main/resources
2023-01-31 23:47:51,051 [Worker-10: Updating Maven Project] INFO  o.e.m.j.i.AbstractJavaProjectConfigurator - Adding source folder /5.0_MetroSystemSpringBootJDBCApi/src/test/java
2023-01-31 23:47:51,218 [Worker-10: Updating Maven Project] INFO  o.e.m.c.i.p.ProjectConfigurationManager - Update completed: 0 sec
2023-01-31 23:47:51,779 [Worker-15: Building] INFO  o.a.m.s.f.DefaultMavenResourcesFiltering - Copying 1 resource
2023-01-31 23:47:51,799 [Worker-15: Building] INFO  o.a.m.s.f.DefaultMavenResourcesFiltering - Copying 0 resource
2023-01-31 23:47:51,802 [Worker-15: Building] INFO  o.a.m.s.f.DefaultMavenResourcesFiltering - skip non existing resourceDirectory D:\Metro System\Metro-System-Spring-Boot\5.0_MetroSystemSpringBootJDBCApi\src\test\resources
2023-01-31 23:48:11,303 [Worker-12: Launching 5.0_MetroSystemSpringBootJDBCApi - Application] INFO  o.e.m.c.i.l.LifecycleMappingFactory - Using org.eclipse.m2e.jdt.JarLifecycleMapping lifecycle mapping for MavenProject: com.gyan:MetroSystemSpringBoot:0.0.1-SNAPSHOT @ D:\Metro System\Metro-System-Spring-Boot\5.0_MetroSystemSpringBootJDBCApi\pom.xml.
2023-01-31 23:48:11,528 [Worker-12: Launching 5.0_MetroSystemSpringBootJDBCApi - Application] INFO  o.a.m.s.f.DefaultMavenResourcesFiltering - Copying 0 resource
2023-01-31 23:48:11,528 [Worker-12: Launching 5.0_MetroSystemSpringBootJDBCApi - Application] INFO  o.a.m.s.f.DefaultMavenResourcesFiltering - Copying 0 resource
2023-01-31 23:48:11,529 [Worker-12: Launching 5.0_MetroSystemSpringBootJDBCApi - Application] INFO  o.a.m.s.f.DefaultMavenResourcesFiltering - skip non existing resourceDirectory D:\Metro System\Metro-System-Spring-Boot\5.0_MetroSystemSpringBootJDBCApi\src\test\resources
2023-01-31 23:48:22,818 [Worker-13: Updating Maven Project] INFO  o.e.m.c.i.p.ProjectConfigurationManager - Update started
2023-01-31 23:48:23,021 [Worker-13: Updating Maven Project] INFO  o.e.m.c.i.l.LifecycleMappingFactory - Using org.eclipse.m2e.jdt.JarLifecycleMapping lifecycle mapping for MavenProject: com.gyan:MetroSystemSpringBoot:0.0.1-SNAPSHOT @ D:\Metro System\Metro-System-Spring-Boot\5.0_MetroSystemSpringBootJDBCApi\pom.xml.
2023-01-31 23:48:23,215 [Worker-13: Updating Maven Project] INFO  o.e.m.j.i.AbstractJavaProjectConfigurator - Adding source folder /5.0_MetroSystemSpringBootJDBCApi/src/main/java
2023-01-31 23:48:23,215 [Worker-13: Updating Maven Project] INFO  o.e.m.j.i.AbstractJavaProjectConfigurator - Adding resource folder /5.0_MetroSystemSpringBootJDBCApi/src/main/resources
2023-01-31 23:48:23,216 [Worker-13: Updating Maven Project] INFO  o.e.m.j.i.AbstractJavaProjectConfigurator - Adding resource folder /5.0_MetroSystemSpringBootJDBCApi/src/main/resources
2023-01-31 23:48:23,216 [Worker-13: Updating Maven Project] INFO  o.e.m.j.i.AbstractJavaProjectConfigurator - Adding source folder /5.0_MetroSystemSpringBootJDBCApi/src/test/java
2023-01-31 23:48:23,457 [Worker-13: Updating Maven Project] INFO  o.e.m.c.i.p.ProjectConfigurationManager - Update completed: 0 sec
2023-01-31 23:48:24,044 [Worker-7: Building] INFO  o.a.m.s.f.DefaultMavenResourcesFiltering - Copying 1 resource
2023-01-31 23:48:24,067 [Worker-7: Building] INFO  o.a.m.s.f.DefaultMavenResourcesFiltering - Copying 0 resource
2023-01-31 23:48:24,070 [Worker-7: Building] INFO  o.a.m.s.f.DefaultMavenResourcesFiltering - skip non existing resourceDirectory D:\Metro System\Metro-System-Spring-Boot\5.0_MetroSystemSpringBootJDBCApi\src\test\resources
2023-01-31 23:52:47,189 [Worker-7: Import Getting Started Content] INFO  o.e.m.c.i.l.LifecycleMappingFactory - Using org.eclipse.m2e.jdt.JarLifecycleMapping lifecycle mapping for MavenProject: com.gyan:MetroSystemSpringBootDataJPA:0.0.1-SNAPSHOT @ D:\Metro System\Metro-System-Spring-Boot\5.5_MetroSystemSpringBootDataJPA\pom.xml.
2023-01-31 23:52:47,784 [Worker-7: Import Getting Started Content] INFO  o.e.m.j.i.AbstractJavaProjectConfigurator - Adding source folder /5.5_MetroSystemSpringBootDataJPA/src/main/java
2023-01-31 23:52:47,784 [Worker-7: Import Getting Started Content] INFO  o.e.m.j.i.AbstractJavaProjectConfigurator - Adding resource folder /5.5_MetroSystemSpringBootDataJPA/src/main/resources
2023-01-31 23:52:47,787 [Worker-7: Import Getting Started Content] INFO  o.e.m.j.i.AbstractJavaProjectConfigurator - Adding resource folder /5.5_MetroSystemSpringBootDataJPA/src/main/resources
2023-01-31 23:52:47,789 [Worker-7: Import Getting Started Content] INFO  o.e.m.j.i.AbstractJavaProjectConfigurator - Adding source folder /5.5_MetroSystemSpringBootDataJPA/src/test/java
2023-01-31 23:52:48,667 [Worker-7: Import Getting Started Content] INFO  o.e.m.c.i.p.ProjectConfigurationManager - Imported and configured 1 project(s) in 1 sec
2023-01-31 23:52:48,669 [Worker-7: Import Getting Started Content] INFO  o.e.m.c.i.p.ProjectConfigurationManager - Update started
2023-01-31 23:52:48,882 [Worker-7: Import Getting Started Content] INFO  o.e.m.c.i.l.LifecycleMappingFactory - Using org.eclipse.m2e.jdt.JarLifecycleMapping lifecycle mapping for MavenProject: com.gyan:MetroSystemSpringBootDataJPA:0.0.1-SNAPSHOT @ D:\Metro System\Metro-System-Spring-Boot\5.5_MetroSystemSpringBootDataJPA\pom.xml.
2023-01-31 23:52:49,226 [Worker-7: Import Getting Started Content] INFO  o.e.m.j.i.AbstractJavaProjectConfigurator - Adding source folder /5.5_MetroSystemSpringBootDataJPA/src/main/java
2023-01-31 23:52:49,226 [Worker-7: Import Getting Started Content] INFO  o.e.m.j.i.AbstractJavaProjectConfigurator - Adding resource folder /5.5_MetroSystemSpringBootDataJPA/src/main/resources
2023-01-31 23:52:49,226 [Worker-7: Import Getting Started Content] INFO  o.e.m.j.i.AbstractJavaProjectConfigurator - Adding resource folder /5.5_MetroSystemSpringBootDataJPA/src/main/resources
2023-01-31 23:52:49,227 [Worker-7: Import Getting Started Content] INFO  o.e.m.j.i.AbstractJavaProjectConfigurator - Adding source folder /5.5_MetroSystemSpringBootDataJPA/src/test/java
2023-01-31 23:52:49,525 [Worker-7: Import Getting Started Content] INFO  o.e.m.c.i.p.ProjectConfigurationManager - Update completed: 0 sec
2023-01-31 23:52:50,189 [Worker-7: Building] INFO  o.a.m.s.f.DefaultMavenResourcesFiltering - Copying 1 resource
2023-01-31 23:52:50,191 [Worker-7: Building] INFO  o.a.m.s.f.DefaultMavenResourcesFiltering - Copying 0 resource
2023-01-31 23:52:50,193 [Worker-7: Building] INFO  o.a.m.s.f.DefaultMavenResourcesFiltering - skip non existing resourceDirectory D:\Metro System\Metro-System-Spring-Boot\5.5_MetroSystemSpringBootDataJPA\src\test\resources
2023-01-31 23:54:26,912 [Worker-20: Building] INFO  o.a.m.s.f.DefaultMavenResourcesFiltering - Copying 1 resource
2023-01-31 23:54:26,920 [Worker-20: Building] INFO  o.a.m.s.f.DefaultMavenResourcesFiltering - Copying 0 resource
2023-01-31 23:54:26,922 [Worker-20: Building] INFO  o.a.m.s.f.DefaultMavenResourcesFiltering - skip non existing resourceDirectory D:\Metro System\Metro-System-Spring-Boot\5.5_MetroSystemSpringBootDataJPA\src\test\resources
2023-01-31 23:54:35,838 [Worker-19: Building] INFO  o.a.m.s.f.DefaultMavenResourcesFiltering - Copying 1 resource
2023-01-31 23:54:35,845 [Worker-19: Building] INFO  o.a.m.s.f.DefaultMavenResourcesFiltering - Copying 0 resource
2023-01-31 23:54:35,847 [Worker-19: Building] INFO  o.a.m.s.f.DefaultMavenResourcesFiltering - skip non existing resourceDirectory D:\Metro System\Metro-System-Spring-Boot\5.5_MetroSystemSpringBootDataJPA\src\test\resources
2023-01-31 23:57:51,646 [Worker-7: Building] INFO  o.a.m.s.f.DefaultMavenResourcesFiltering - Copying 1 resource
2023-01-31 23:57:51,649 [Worker-7: Building] INFO  o.a.m.s.f.DefaultMavenResourcesFiltering - Copying 0 resource
2023-01-31 23:57:51,650 [Worker-7: Building] INFO  o.a.m.s.f.DefaultMavenResourcesFiltering - skip non existing resourceDirectory D:\Metro System\Metro-System-Spring-Boot\5.5_MetroSystemSpringBootDataJPA\src\test\resources
2023-02-01 00:10:37,152 [Worker-28: Building] INFO  o.a.m.s.f.DefaultMavenResourcesFiltering - Copying 1 resource
2023-02-01 00:10:37,156 [Worker-28: Building] INFO  o.a.m.s.f.DefaultMavenResourcesFiltering - Copying 0 resource
2023-02-01 00:10:37,157 [Worker-28: Building] INFO  o.a.m.s.f.DefaultMavenResourcesFiltering - skip non existing resourceDirectory D:\Metro System\Metro-System-Spring-Boot\5.5_MetroSystemSpringBootDataJPA\src\test\resources
2023-02-01 00:11:56,655 [Worker-25: Building] INFO  o.a.m.s.f.DefaultMavenResourcesFiltering - Copying 1 resource
2023-02-01 00:11:56,661 [Worker-25: Building] INFO  o.a.m.s.f.DefaultMavenResourcesFiltering - Copying 0 resource
2023-02-01 00:11:56,663 [Worker-25: Building] INFO  o.a.m.s.f.DefaultMavenResourcesFiltering - skip non existing resourceDirectory D:\Metro System\Metro-System-Spring-Boot\5.5_MetroSystemSpringBootDataJPA\src\test\resources
2023-02-01 00:12:13,989 [Worker-29: Building] INFO  o.a.m.s.f.DefaultMavenResourcesFiltering - Copying 1 resource
2023-02-01 00:12:13,992 [Worker-29: Building] INFO  o.a.m.s.f.DefaultMavenResourcesFiltering - Copying 0 resource
2023-02-01 00:12:13,994 [Worker-29: Building] INFO  o.a.m.s.f.DefaultMavenResourcesFiltering - skip non existing resourceDirectory D:\Metro System\Metro-System-Spring-Boot\5.5_MetroSystemSpringBootDataJPA\src\test\resources
2023-02-01 00:12:31,652 [Worker-25: Building] INFO  o.a.m.s.f.DefaultMavenResourcesFiltering - Copying 1 resource
2023-02-01 00:12:31,655 [Worker-25: Building] INFO  o.a.m.s.f.DefaultMavenResourcesFiltering - Copying 0 resource
2023-02-01 00:12:31,656 [Worker-25: Building] INFO  o.a.m.s.f.DefaultMavenResourcesFiltering - skip non existing resourceDirectory D:\Metro System\Metro-System-Spring-Boot\5.5_MetroSystemSpringBootDataJPA\src\test\resources
2023-02-01 00:13:19,408 [Worker-25: Building] INFO  o.a.m.s.f.DefaultMavenResourcesFiltering - Copying 1 resource
2023-02-01 00:13:19,413 [Worker-25: Building] INFO  o.a.m.s.f.DefaultMavenResourcesFiltering - Copying 0 resource
2023-02-01 00:13:19,416 [Worker-25: Building] INFO  o.a.m.s.f.DefaultMavenResourcesFiltering - skip non existing resourceDirectory D:\Metro System\Metro-System-Spring-Boot\5.5_MetroSystemSpringBootDataJPA\src\test\resources
2023-02-01 00:13:34,334 [Worker-31: Building Workspace] INFO  o.a.m.s.f.DefaultMavenResourcesFiltering - Copying 1 resource
2023-02-01 00:13:34,340 [Worker-31: Building Workspace] INFO  o.a.m.s.f.DefaultMavenResourcesFiltering - Copying 0 resource
2023-02-01 00:13:34,342 [Worker-31: Building Workspace] INFO  o.a.m.s.f.DefaultMavenResourcesFiltering - skip non existing resourceDirectory D:\Metro System\Metro-System-Spring-Boot\5.5_MetroSystemSpringBootDataJPA\src\test\resources
2023-02-01 00:13:49,287 [Worker-27: Building] INFO  o.a.m.s.f.DefaultMavenResourcesFiltering - Copying 1 resource
2023-02-01 00:13:49,305 [Worker-27: Building] INFO  o.a.m.s.f.DefaultMavenResourcesFiltering - Copying 0 resource
2023-02-01 00:13:49,306 [Worker-27: Building] INFO  o.a.m.s.f.DefaultMavenResourcesFiltering - skip non existing resourceDirectory D:\Metro System\Metro-System-Spring-Boot\5.5_MetroSystemSpringBootDataJPA\src\test\resources
2023-02-01 00:14:00,731 [Worker-29: Building] INFO  o.a.m.s.f.DefaultMavenResourcesFiltering - Copying 1 resource
2023-02-01 00:14:00,737 [Worker-29: Building] INFO  o.a.m.s.f.DefaultMavenResourcesFiltering - Copying 0 resource
2023-02-01 00:14:00,742 [Worker-29: Building] INFO  o.a.m.s.f.DefaultMavenResourcesFiltering - skip non existing resourceDirectory D:\Metro System\Metro-System-Spring-Boot\5.5_MetroSystemSpringBootDataJPA\src\test\resources
2023-02-01 00:14:51,805 [Worker-31: Building] INFO  o.a.m.s.f.DefaultMavenResourcesFiltering - Copying 1 resource
2023-02-01 00:14:51,810 [Worker-31: Building] INFO  o.a.m.s.f.DefaultMavenResourcesFiltering - Copying 0 resource
2023-02-01 00:14:51,812 [Worker-31: Building] INFO  o.a.m.s.f.DefaultMavenResourcesFiltering - skip non existing resourceDirectory D:\Metro System\Metro-System-Spring-Boot\5.5_MetroSystemSpringBootDataJPA\src\test\resources
2023-02-01 00:15:54,927 [Worker-27: Building] INFO  o.a.m.s.f.DefaultMavenResourcesFiltering - Copying 1 resource
2023-02-01 00:15:54,932 [Worker-27: Building] INFO  o.a.m.s.f.DefaultMavenResourcesFiltering - Copying 0 resource
2023-02-01 00:15:54,933 [Worker-27: Building] INFO  o.a.m.s.f.DefaultMavenResourcesFiltering - skip non existing resourceDirectory D:\Metro System\Metro-System-Spring-Boot\5.5_MetroSystemSpringBootDataJPA\src\test\resources
2023-02-01 00:16:13,197 [Worker-28: Building] INFO  o.a.m.s.f.DefaultMavenResourcesFiltering - Copying 1 resource
2023-02-01 00:16:13,201 [Worker-28: Building] INFO  o.a.m.s.f.DefaultMavenResourcesFiltering - Copying 0 resource
2023-02-01 00:16:13,205 [Worker-28: Building] INFO  o.a.m.s.f.DefaultMavenResourcesFiltering - skip non existing resourceDirectory D:\Metro System\Metro-System-Spring-Boot\5.5_MetroSystemSpringBootDataJPA\src\test\resources
2023-02-01 00:16:19,547 [Worker-29: Building] INFO  o.a.m.s.f.DefaultMavenResourcesFiltering - Copying 1 resource
2023-02-01 00:16:19,549 [Worker-29: Building] INFO  o.a.m.s.f.DefaultMavenResourcesFiltering - Copying 0 resource
2023-02-01 00:16:19,551 [Worker-29: Building] INFO  o.a.m.s.f.DefaultMavenResourcesFiltering - skip non existing resourceDirectory D:\Metro System\Metro-System-Spring-Boot\5.5_MetroSystemSpringBootDataJPA\src\test\resources
2023-02-01 00:16:35,255 [Worker-30: Building] INFO  o.a.m.s.f.DefaultMavenResourcesFiltering - Copying 1 resource
2023-02-01 00:16:35,259 [Worker-30: Building] INFO  o.a.m.s.f.DefaultMavenResourcesFiltering - Copying 0 resource
2023-02-01 00:16:35,261 [Worker-30: Building] INFO  o.a.m.s.f.DefaultMavenResourcesFiltering - skip non existing resourceDirectory D:\Metro System\Metro-System-Spring-Boot\5.5_MetroSystemSpringBootDataJPA\src\test\resources
2023-02-01 00:16:55,590 [Worker-28: Building] INFO  o.a.m.s.f.DefaultMavenResourcesFiltering - Copying 1 resource
2023-02-01 00:16:55,593 [Worker-28: Building] INFO  o.a.m.s.f.DefaultMavenResourcesFiltering - Copying 0 resource
2023-02-01 00:16:55,594 [Worker-28: Building] INFO  o.a.m.s.f.DefaultMavenResourcesFiltering - skip non existing resourceDirectory D:\Metro System\Metro-System-Spring-Boot\5.5_MetroSystemSpringBootDataJPA\src\test\resources
2023-02-01 00:18:05,016 [Worker-29: Building] INFO  o.a.m.s.f.DefaultMavenResourcesFiltering - Copying 1 resource
2023-02-01 00:18:05,020 [Worker-29: Building] INFO  o.a.m.s.f.DefaultMavenResourcesFiltering - Copying 0 resource
2023-02-01 00:18:05,022 [Worker-29: Building] INFO  o.a.m.s.f.DefaultMavenResourcesFiltering - skip non existing resourceDirectory D:\Metro System\Metro-System-Spring-Boot\5.5_MetroSystemSpringBootDataJPA\src\test\resources
2023-02-01 00:31:39,139 [Worker-34: Building] INFO  o.a.m.s.f.DefaultMavenResourcesFiltering - Copying 1 resource
2023-02-01 00:31:39,159 [Worker-34: Building] INFO  o.a.m.s.f.DefaultMavenResourcesFiltering - Copying 0 resource
2023-02-01 00:31:39,160 [Worker-34: Building] INFO  o.a.m.s.f.DefaultMavenResourcesFiltering - skip non existing resourceDirectory D:\Metro System\Metro-System-Spring-Boot\5.5_MetroSystemSpringBootDataJPA\src\test\resources
2023-02-01 00:37:22,045 [Worker-36: Building] INFO  o.a.m.s.f.DefaultMavenResourcesFiltering - Copying 1 resource
2023-02-01 00:37:22,055 [Worker-36: Building] INFO  o.a.m.s.f.DefaultMavenResourcesFiltering - Copying 0 resource
2023-02-01 00:37:22,056 [Worker-36: Building] INFO  o.a.m.s.f.DefaultMavenResourcesFiltering - skip non existing resourceDirectory D:\Metro System\Metro-System-Spring-Boot\5.5_MetroSystemSpringBootDataJPA\src\test\resources
2023-02-01 00:47:30,624 [Worker-43: Building] INFO  o.a.m.s.f.DefaultMavenResourcesFiltering - Copying 1 resource
2023-02-01 00:47:30,629 [Worker-43: Building] INFO  o.a.m.s.f.DefaultMavenResourcesFiltering - Copying 0 resource
2023-02-01 00:47:30,630 [Worker-43: Building] INFO  o.a.m.s.f.DefaultMavenResourcesFiltering - skip non existing resourceDirectory D:\Metro System\Metro-System-Spring-Boot\5.5_MetroSystemSpringBootDataJPA\src\test\resources
2023-02-01 00:56:22,006 [Worker-46: Building] INFO  o.a.m.s.f.DefaultMavenResourcesFiltering - Copying 1 resource
2023-02-01 00:56:22,011 [Worker-46: Building] INFO  o.a.m.s.f.DefaultMavenResourcesFiltering - Copying 0 resource
2023-02-01 00:56:22,012 [Worker-46: Building] INFO  o.a.m.s.f.DefaultMavenResourcesFiltering - skip non existing resourceDirectory D:\Metro System\Metro-System-Spring-Boot\5.5_MetroSystemSpringBootDataJPA\src\test\resources
2023-02-01 00:57:47,240 [Worker-46: Building] INFO  o.a.m.s.f.DefaultMavenResourcesFiltering - Copying 1 resource
2023-02-01 00:57:47,244 [Worker-46: Building] INFO  o.a.m.s.f.DefaultMavenResourcesFiltering - Copying 0 resource
2023-02-01 00:57:47,245 [Worker-46: Building] INFO  o.a.m.s.f.DefaultMavenResourcesFiltering - skip non existing resourceDirectory D:\Metro System\Metro-System-Spring-Boot\5.5_MetroSystemSpringBootDataJPA\src\test\resources
2023-02-01 00:58:33,174 [Worker-46: Launching 5.5_MetroSystemSpringBootDataJPA - Application] INFO  o.a.m.s.f.DefaultMavenResourcesFiltering - Copying 1 resource
2023-02-01 00:58:33,181 [Worker-46: Launching 5.5_MetroSystemSpringBootDataJPA - Application] INFO  o.a.m.s.f.DefaultMavenResourcesFiltering - Copying 0 resource
2023-02-01 00:58:33,183 [Worker-46: Launching 5.5_MetroSystemSpringBootDataJPA - Application] INFO  o.a.m.s.f.DefaultMavenResourcesFiltering - skip non existing resourceDirectory D:\Metro System\Metro-System-Spring-Boot\5.5_MetroSystemSpringBootDataJPA\src\test\resources
2023-02-01 00:59:00,518 [Worker-49: Building] INFO  o.a.m.s.f.DefaultMavenResourcesFiltering - Copying 1 resource
2023-02-01 00:59:00,521 [Worker-49: Building] INFO  o.a.m.s.f.DefaultMavenResourcesFiltering - Copying 0 resource
2023-02-01 00:59:00,522 [Worker-49: Building] INFO  o.a.m.s.f.DefaultMavenResourcesFiltering - skip non existing resourceDirectory D:\Metro System\Metro-System-Spring-Boot\5.5_MetroSystemSpringBootDataJPA\src\test\resources
2023-02-01 01:00:01,950 [Worker-51: Building] INFO  o.a.m.s.f.DefaultMavenResourcesFiltering - Copying 1 resource
2023-02-01 01:00:01,955 [Worker-51: Building] INFO  o.a.m.s.f.DefaultMavenResourcesFiltering - Copying 0 resource
2023-02-01 01:00:01,956 [Worker-51: Building] INFO  o.a.m.s.f.DefaultMavenResourcesFiltering - skip non existing resourceDirectory D:\Metro System\Metro-System-Spring-Boot\5.5_MetroSystemSpringBootDataJPA\src\test\resources
2023-02-01 01:01:09,458 [Worker-43: Building] INFO  o.a.m.s.f.DefaultMavenResourcesFiltering - Copying 1 resource
2023-02-01 01:01:09,463 [Worker-43: Building] INFO  o.a.m.s.f.DefaultMavenResourcesFiltering - Copying 0 resource
2023-02-01 01:01:09,464 [Worker-43: Building] INFO  o.a.m.s.f.DefaultMavenResourcesFiltering - skip non existing resourceDirectory D:\Metro System\Metro-System-Spring-Boot\5.5_MetroSystemSpringBootDataJPA\src\test\resources
2023-02-01 01:01:43,890 [Worker-43: Building] INFO  o.a.m.s.f.DefaultMavenResourcesFiltering - Copying 1 resource
2023-02-01 01:01:43,895 [Worker-43: Building] INFO  o.a.m.s.f.DefaultMavenResourcesFiltering - Copying 0 resource
2023-02-01 01:01:43,896 [Worker-43: Building] INFO  o.a.m.s.f.DefaultMavenResourcesFiltering - skip non existing resourceDirectory D:\Metro System\Metro-System-Spring-Boot\5.5_MetroSystemSpringBootDataJPA\src\test\resources
2023-02-01 01:02:23,764 [Worker-47: Building] INFO  o.a.m.s.f.DefaultMavenResourcesFiltering - Copying 1 resource
2023-02-01 01:02:23,772 [Worker-47: Building] INFO  o.a.m.s.f.DefaultMavenResourcesFiltering - Copying 0 resource
2023-02-01 01:02:23,774 [Worker-47: Building] INFO  o.a.m.s.f.DefaultMavenResourcesFiltering - skip non existing resourceDirectory D:\Metro System\Metro-System-Spring-Boot\5.5_MetroSystemSpringBootDataJPA\src\test\resources
2023-02-01 01:02:42,522 [Worker-50: Launching 5.5_MetroSystemSpringBootDataJPA - Application] INFO  o.a.m.s.f.DefaultMavenResourcesFiltering - Copying 1 resource
2023-02-01 01:02:42,527 [Worker-50: Launching 5.5_MetroSystemSpringBootDataJPA - Application] INFO  o.a.m.s.f.DefaultMavenResourcesFiltering - Copying 0 resource
2023-02-01 01:02:42,528 [Worker-50: Launching 5.5_MetroSystemSpringBootDataJPA - Application] INFO  o.a.m.s.f.DefaultMavenResourcesFiltering - skip non existing resourceDirectory D:\Metro System\Metro-System-Spring-Boot\5.5_MetroSystemSpringBootDataJPA\src\test\resources
2023-02-01 01:04:15,223 [Worker-51: Building] INFO  o.a.m.s.f.DefaultMavenResourcesFiltering - Copying 1 resource
2023-02-01 01:04:15,228 [Worker-51: Building] INFO  o.a.m.s.f.DefaultMavenResourcesFiltering - Copying 0 resource
2023-02-01 01:04:15,229 [Worker-51: Building] INFO  o.a.m.s.f.DefaultMavenResourcesFiltering - skip non existing resourceDirectory D:\Metro System\Metro-System-Spring-Boot\5.5_MetroSystemSpringBootDataJPA\src\test\resources
2023-02-01 01:04:53,005 [Worker-50: Launching 5.5_MetroSystemSpringBootDataJPA - Application] INFO  o.a.m.s.f.DefaultMavenResourcesFiltering - Copying 1 resource
2023-02-01 01:04:53,010 [Worker-50: Launching 5.5_MetroSystemSpringBootDataJPA - Application] INFO  o.a.m.s.f.DefaultMavenResourcesFiltering - Copying 0 resource
2023-02-01 01:04:53,014 [Worker-50: Launching 5.5_MetroSystemSpringBootDataJPA - Application] INFO  o.a.m.s.f.DefaultMavenResourcesFiltering - skip non existing resourceDirectory D:\Metro System\Metro-System-Spring-Boot\5.5_MetroSystemSpringBootDataJPA\src\test\resources
2023-02-01 12:03:32,853 [Worker-5: Loading available Gradle versions] INFO  o.e.b.c.i.u.g.PublishedGradleVersions - Gradle version information cache is up-to-date. Trying to read.
2023-02-01 12:11:44,555 [Worker-9: Building] INFO  o.e.m.c.i.l.LifecycleMappingFactory - Using org.eclipse.m2e.jdt.JarLifecycleMapping lifecycle mapping for MavenProject: com.gyan:MetroSystemSpringBootDataJPA:0.0.1-SNAPSHOT @ D:\Metro System\Metro-System-Spring-Boot\5.6_MetroSystemSpringBootDataJPAOtherQuery\pom.xml.
2023-02-01 12:11:46,951 [Worker-9: Building] INFO  o.a.m.s.f.DefaultMavenResourcesFiltering - Copying 1 resource
2023-02-01 12:11:46,972 [Worker-9: Building] INFO  o.a.m.s.f.DefaultMavenResourcesFiltering - Copying 0 resource
2023-02-01 12:11:46,975 [Worker-9: Building] INFO  o.a.m.s.f.DefaultMavenResourcesFiltering - skip non existing resourceDirectory D:\Metro System\Metro-System-Spring-Boot\5.6_MetroSystemSpringBootDataJPAOtherQuery\src\test\resources
2023-02-01 12:11:48,755 [Worker-9: Building] INFO  o.a.m.s.f.DefaultMavenResourcesFiltering - Copying 1 resource
2023-02-01 12:11:48,758 [Worker-9: Building] INFO  o.a.m.s.f.DefaultMavenResourcesFiltering - Copying 0 resource
2023-02-01 12:11:48,761 [Worker-9: Building] INFO  o.a.m.s.f.DefaultMavenResourcesFiltering - skip non existing resourceDirectory D:\Metro System\Metro-System-Spring-Boot\5.6_MetroSystemSpringBootDataJPAOtherQuery\src\test\resources
2023-02-01 12:20:10,754 [Worker-14: Building] INFO  o.a.m.s.f.DefaultMavenResourcesFiltering - Copying 1 resource
2023-02-01 12:20:10,761 [Worker-14: Building] INFO  o.a.m.s.f.DefaultMavenResourcesFiltering - Copying 0 resource
2023-02-01 12:20:10,762 [Worker-14: Building] INFO  o.a.m.s.f.DefaultMavenResourcesFiltering - skip non existing resourceDirectory D:\Metro System\Metro-System-Spring-Boot\5.6_MetroSystemSpringBootDataJPAOtherQuery\src\test\resources
2023-02-01 12:20:37,407 [Worker-9: Launching 5.6_MetroSystemSpringBootDataJPAOtherQuery - Application] INFO  o.a.m.s.f.DefaultMavenResourcesFiltering - Copying 1 resource
2023-02-01 12:20:37,414 [Worker-9: Launching 5.6_MetroSystemSpringBootDataJPAOtherQuery - Application] INFO  o.a.m.s.f.DefaultMavenResourcesFiltering - Copying 0 resource
2023-02-01 12:20:37,417 [Worker-9: Launching 5.6_MetroSystemSpringBootDataJPAOtherQuery - Application] INFO  o.a.m.s.f.DefaultMavenResourcesFiltering - skip non existing resourceDirectory D:\Metro System\Metro-System-Spring-Boot\5.6_MetroSystemSpringBootDataJPAOtherQuery\src\test\resources
2023-02-01 12:23:00,818 [Worker-16: Building] INFO  o.a.m.s.f.DefaultMavenResourcesFiltering - Copying 1 resource
2023-02-01 12:23:00,824 [Worker-16: Building] INFO  o.a.m.s.f.DefaultMavenResourcesFiltering - Copying 0 resource
2023-02-01 12:23:00,826 [Worker-16: Building] INFO  o.a.m.s.f.DefaultMavenResourcesFiltering - skip non existing resourceDirectory D:\Metro System\Metro-System-Spring-Boot\5.6_MetroSystemSpringBootDataJPAOtherQuery\src\test\resources
2023-02-01 12:24:51,136 [Worker-18: Building] INFO  o.a.m.s.f.DefaultMavenResourcesFiltering - Copying 1 resource
2023-02-01 12:24:51,154 [Worker-18: Building] INFO  o.a.m.s.f.DefaultMavenResourcesFiltering - Copying 0 resource
2023-02-01 12:24:51,157 [Worker-18: Building] INFO  o.a.m.s.f.DefaultMavenResourcesFiltering - skip non existing resourceDirectory D:\Metro System\Metro-System-Spring-Boot\5.6_MetroSystemSpringBootDataJPAOtherQuery\src\test\resources
2023-02-01 12:26:42,637 [Worker-21: Building] INFO  o.a.m.s.f.DefaultMavenResourcesFiltering - Copying 1 resource
2023-02-01 12:26:42,644 [Worker-21: Building] INFO  o.a.m.s.f.DefaultMavenResourcesFiltering - Copying 0 resource
2023-02-01 12:26:42,647 [Worker-21: Building] INFO  o.a.m.s.f.DefaultMavenResourcesFiltering - skip non existing resourceDirectory D:\Metro System\Metro-System-Spring-Boot\5.6_MetroSystemSpringBootDataJPAOtherQuery\src\test\resources
2023-02-01 12:28:22,657 [Worker-20: Launching 5.6_MetroSystemSpringBootDataJPAOtherQuery - Application] INFO  o.a.m.s.f.DefaultMavenResourcesFiltering - Copying 1 resource
2023-02-01 12:28:22,662 [Worker-20: Launching 5.6_MetroSystemSpringBootDataJPAOtherQuery - Application] INFO  o.a.m.s.f.DefaultMavenResourcesFiltering - Copying 0 resource
2023-02-01 12:28:22,668 [Worker-20: Launching 5.6_MetroSystemSpringBootDataJPAOtherQuery - Application] INFO  o.a.m.s.f.DefaultMavenResourcesFiltering - skip non existing resourceDirectory D:\Metro System\Metro-System-Spring-Boot\5.6_MetroSystemSpringBootDataJPAOtherQuery\src\test\resources
2023-02-01 12:29:02,934 [Worker-20: Building] INFO  o.a.m.s.f.DefaultMavenResourcesFiltering - Copying 1 resource
2023-02-01 12:29:02,938 [Worker-20: Building] INFO  o.a.m.s.f.DefaultMavenResourcesFiltering - Copying 0 resource
2023-02-01 12:29:02,940 [Worker-20: Building] INFO  o.a.m.s.f.DefaultMavenResourcesFiltering - skip non existing resourceDirectory D:\Metro System\Metro-System-Spring-Boot\5.6_MetroSystemSpringBootDataJPAOtherQuery\src\test\resources
2023-02-01 12:29:34,452 [Worker-16: Building] INFO  o.a.m.s.f.DefaultMavenResourcesFiltering - Copying 1 resource
2023-02-01 12:29:34,455 [Worker-16: Building] INFO  o.a.m.s.f.DefaultMavenResourcesFiltering - Copying 0 resource
2023-02-01 12:29:34,456 [Worker-16: Building] INFO  o.a.m.s.f.DefaultMavenResourcesFiltering - skip non existing resourceDirectory D:\Metro System\Metro-System-Spring-Boot\5.6_MetroSystemSpringBootDataJPAOtherQuery\src\test\resources
2023-02-01 12:32:28,609 [Worker-22: Building] INFO  o.a.m.s.f.DefaultMavenResourcesFiltering - Copying 1 resource
2023-02-01 12:32:28,617 [Worker-22: Building] INFO  o.a.m.s.f.DefaultMavenResourcesFiltering - Copying 0 resource
2023-02-01 12:32:28,619 [Worker-22: Building] INFO  o.a.m.s.f.DefaultMavenResourcesFiltering - skip non existing resourceDirectory D:\Metro System\Metro-System-Spring-Boot\5.6_MetroSystemSpringBootDataJPAOtherQuery\src\test\resources
2023-02-01 12:33:58,854 [Worker-20: Building] INFO  o.a.m.s.f.DefaultMavenResourcesFiltering - Copying 1 resource
2023-02-01 12:33:58,856 [Worker-20: Building] INFO  o.a.m.s.f.DefaultMavenResourcesFiltering - Copying 0 resource
2023-02-01 12:33:58,858 [Worker-20: Building] INFO  o.a.m.s.f.DefaultMavenResourcesFiltering - skip non existing resourceDirectory D:\Metro System\Metro-System-Spring-Boot\5.6_MetroSystemSpringBootDataJPAOtherQuery\src\test\resources
2023-02-01 12:34:49,238 [Worker-9: Building] INFO  o.a.m.s.f.DefaultMavenResourcesFiltering - Copying 1 resource
2023-02-01 12:34:49,240 [Worker-9: Building] INFO  o.a.m.s.f.DefaultMavenResourcesFiltering - Copying 0 resource
2023-02-01 12:34:49,242 [Worker-9: Building] INFO  o.a.m.s.f.DefaultMavenResourcesFiltering - skip non existing resourceDirectory D:\Metro System\Metro-System-Spring-Boot\5.6_MetroSystemSpringBootDataJPAOtherQuery\src\test\resources
2023-02-01 12:35:04,353 [Worker-18: Building] INFO  o.a.m.s.f.DefaultMavenResourcesFiltering - Copying 1 resource
2023-02-01 12:35:04,358 [Worker-18: Building] INFO  o.a.m.s.f.DefaultMavenResourcesFiltering - Copying 0 resource
2023-02-01 12:35:04,360 [Worker-18: Building] INFO  o.a.m.s.f.DefaultMavenResourcesFiltering - skip non existing resourceDirectory D:\Metro System\Metro-System-Spring-Boot\5.6_MetroSystemSpringBootDataJPAOtherQuery\src\test\resources
2023-02-01 12:35:43,642 [Worker-21: Building] INFO  o.a.m.s.f.DefaultMavenResourcesFiltering - Copying 1 resource
2023-02-01 12:35:43,644 [Worker-21: Building] INFO  o.a.m.s.f.DefaultMavenResourcesFiltering - Copying 0 resource
2023-02-01 12:35:43,645 [Worker-21: Building] INFO  o.a.m.s.f.DefaultMavenResourcesFiltering - skip non existing resourceDirectory D:\Metro System\Metro-System-Spring-Boot\5.6_MetroSystemSpringBootDataJPAOtherQuery\src\test\resources
2023-02-01 12:44:38,061 [Worker-27: Building] INFO  o.a.m.s.f.DefaultMavenResourcesFiltering - Copying 1 resource
2023-02-01 12:44:38,067 [Worker-27: Building] INFO  o.a.m.s.f.DefaultMavenResourcesFiltering - Copying 0 resource
2023-02-01 12:44:38,071 [Worker-27: Building] INFO  o.a.m.s.f.DefaultMavenResourcesFiltering - skip non existing resourceDirectory D:\Metro System\Metro-System-Spring-Boot\5.6_MetroSystemSpringBootDataJPAOtherQuery\src\test\resources
2023-02-01 12:44:47,345 [Worker-26: Building] INFO  o.a.m.s.f.DefaultMavenResourcesFiltering - Copying 1 resource
2023-02-01 12:44:47,350 [Worker-26: Building] INFO  o.a.m.s.f.DefaultMavenResourcesFiltering - Copying 0 resource
2023-02-01 12:44:47,351 [Worker-26: Building] INFO  o.a.m.s.f.DefaultMavenResourcesFiltering - skip non existing resourceDirectory D:\Metro System\Metro-System-Spring-Boot\5.6_MetroSystemSpringBootDataJPAOtherQuery\src\test\resources
2023-02-01 12:46:39,559 [Worker-19: Launching 5.6_MetroSystemSpringBootDataJPAOtherQuery - Application] INFO  o.a.m.s.f.DefaultMavenResourcesFiltering - Copying 1 resource
2023-02-01 12:46:39,565 [Worker-19: Launching 5.6_MetroSystemSpringBootDataJPAOtherQuery - Application] INFO  o.a.m.s.f.DefaultMavenResourcesFiltering - Copying 0 resource
2023-02-01 12:46:39,568 [Worker-19: Launching 5.6_MetroSystemSpringBootDataJPAOtherQuery - Application] INFO  o.a.m.s.f.DefaultMavenResourcesFiltering - skip non existing resourceDirectory D:\Metro System\Metro-System-Spring-Boot\5.6_MetroSystemSpringBootDataJPAOtherQuery\src\test\resources
2023-02-01 12:47:58,460 [Worker-24: Building] INFO  o.a.m.s.f.DefaultMavenResourcesFiltering - Copying 1 resource
2023-02-01 12:47:58,465 [Worker-24: Building] INFO  o.a.m.s.f.DefaultMavenResourcesFiltering - Copying 0 resource
2023-02-01 12:47:58,466 [Worker-24: Building] INFO  o.a.m.s.f.DefaultMavenResourcesFiltering - skip non existing resourceDirectory D:\Metro System\Metro-System-Spring-Boot\5.6_MetroSystemSpringBootDataJPAOtherQuery\src\test\resources
2023-02-01 12:49:06,298 [Worker-28: Building] INFO  o.a.m.s.f.DefaultMavenResourcesFiltering - Copying 1 resource
2023-02-01 12:49:06,301 [Worker-28: Building] INFO  o.a.m.s.f.DefaultMavenResourcesFiltering - Copying 0 resource
2023-02-01 12:49:06,302 [Worker-28: Building] INFO  o.a.m.s.f.DefaultMavenResourcesFiltering - skip non existing resourceDirectory D:\Metro System\Metro-System-Spring-Boot\5.6_MetroSystemSpringBootDataJPAOtherQuery\src\test\resources
2023-02-01 12:49:16,323 [Worker-20: Building] INFO  o.a.m.s.f.DefaultMavenResourcesFiltering - Copying 1 resource
2023-02-01 12:49:16,326 [Worker-20: Building] INFO  o.a.m.s.f.DefaultMavenResourcesFiltering - Copying 0 resource
2023-02-01 12:49:16,327 [Worker-20: Building] INFO  o.a.m.s.f.DefaultMavenResourcesFiltering - skip non existing resourceDirectory D:\Metro System\Metro-System-Spring-Boot\5.6_MetroSystemSpringBootDataJPAOtherQuery\src\test\resources
2023-02-01 12:50:47,323 [Worker-28: Building] INFO  o.a.m.s.f.DefaultMavenResourcesFiltering - Copying 1 resource
2023-02-01 12:50:47,327 [Worker-28: Building] INFO  o.a.m.s.f.DefaultMavenResourcesFiltering - Copying 0 resource
2023-02-01 12:50:47,329 [Worker-28: Building] INFO  o.a.m.s.f.DefaultMavenResourcesFiltering - skip non existing resourceDirectory D:\Metro System\Metro-System-Spring-Boot\5.6_MetroSystemSpringBootDataJPAOtherQuery\src\test\resources
2023-02-01 12:55:16,216 [Worker-20: Building] INFO  o.a.m.s.f.DefaultMavenResourcesFiltering - Copying 1 resource
2023-02-01 12:55:16,221 [Worker-20: Building] INFO  o.a.m.s.f.DefaultMavenResourcesFiltering - Copying 0 resource
2023-02-01 12:55:16,222 [Worker-20: Building] INFO  o.a.m.s.f.DefaultMavenResourcesFiltering - skip non existing resourceDirectory D:\Metro System\Metro-System-Spring-Boot\5.6_MetroSystemSpringBootDataJPAOtherQuery\src\test\resources
2023-02-01 12:55:20,719 [Worker-27: Building] INFO  o.a.m.s.f.DefaultMavenResourcesFiltering - Copying 1 resource
2023-02-01 12:55:20,724 [Worker-27: Building] INFO  o.a.m.s.f.DefaultMavenResourcesFiltering - Copying 0 resource
2023-02-01 12:55:20,726 [Worker-27: Building] INFO  o.a.m.s.f.DefaultMavenResourcesFiltering - skip non existing resourceDirectory D:\Metro System\Metro-System-Spring-Boot\5.6_MetroSystemSpringBootDataJPAOtherQuery\src\test\resources
2023-02-01 13:02:12,471 [Worker-19: Building] INFO  o.a.m.s.f.DefaultMavenResourcesFiltering - Copying 1 resource
2023-02-01 13:02:12,474 [Worker-19: Building] INFO  o.a.m.s.f.DefaultMavenResourcesFiltering - Copying 0 resource
2023-02-01 13:02:12,475 [Worker-19: Building] INFO  o.a.m.s.f.DefaultMavenResourcesFiltering - skip non existing resourceDirectory D:\Metro System\Metro-System-Spring-Boot\5.6_MetroSystemSpringBootDataJPAOtherQuery\src\test\resources
2023-02-01 13:02:24,821 [Worker-18: Launching 5.6_MetroSystemSpringBootDataJPAOtherQuery - Application] INFO  o.a.m.s.f.DefaultMavenResourcesFiltering - Copying 1 resource
2023-02-01 13:02:24,828 [Worker-18: Launching 5.6_MetroSystemSpringBootDataJPAOtherQuery - Application] INFO  o.a.m.s.f.DefaultMavenResourcesFiltering - Copying 0 resource
2023-02-01 13:02:24,829 [Worker-18: Launching 5.6_MetroSystemSpringBootDataJPAOtherQuery - Application] INFO  o.a.m.s.f.DefaultMavenResourcesFiltering - skip non existing resourceDirectory D:\Metro System\Metro-System-Spring-Boot\5.6_MetroSystemSpringBootDataJPAOtherQuery\src\test\resources
2023-02-01 13:03:19,614 [Worker-20: Launching 5.6_MetroSystemSpringBootDataJPAOtherQuery - Application] INFO  o.a.m.s.f.DefaultMavenResourcesFiltering - Copying 1 resource
2023-02-01 13:03:19,620 [Worker-20: Launching 5.6_MetroSystemSpringBootDataJPAOtherQuery - Application] INFO  o.a.m.s.f.DefaultMavenResourcesFiltering - Copying 0 resource
2023-02-01 13:03:19,622 [Worker-20: Launching 5.6_MetroSystemSpringBootDataJPAOtherQuery - Application] INFO  o.a.m.s.f.DefaultMavenResourcesFiltering - skip non existing resourceDirectory D:\Metro System\Metro-System-Spring-Boot\5.6_MetroSystemSpringBootDataJPAOtherQuery\src\test\resources
2023-02-01 13:19:07,565 [Worker-20: Launching 5.6_MetroSystemSpringBootDataJPAOtherQuery - Application] INFO  o.a.m.s.f.DefaultMavenResourcesFiltering - Copying 1 resource
2023-02-01 13:19:07,582 [Worker-20: Launching 5.6_MetroSystemSpringBootDataJPAOtherQuery - Application] INFO  o.a.m.s.f.DefaultMavenResourcesFiltering - Copying 0 resource
2023-02-01 13:19:07,584 [Worker-20: Launching 5.6_MetroSystemSpringBootDataJPAOtherQuery - Application] INFO  o.a.m.s.f.DefaultMavenResourcesFiltering - skip non existing resourceDirectory D:\Metro System\Metro-System-Spring-Boot\5.6_MetroSystemSpringBootDataJPAOtherQuery\src\test\resources
2023-02-01 13:22:45,648 [Worker-23: Building] INFO  o.a.m.s.f.DefaultMavenResourcesFiltering - Copying 1 resource
2023-02-01 13:22:45,663 [Worker-23: Building] INFO  o.a.m.s.f.DefaultMavenResourcesFiltering - Copying 0 resource
2023-02-01 13:22:45,664 [Worker-23: Building] INFO  o.a.m.s.f.DefaultMavenResourcesFiltering - skip non existing resourceDirectory D:\Metro System\Metro-System-Spring-Boot\5.6_MetroSystemSpringBootDataJPAOtherQuery\src\test\resources
2023-02-01 13:23:00,220 [Worker-19: Building] INFO  o.a.m.s.f.DefaultMavenResourcesFiltering - Copying 1 resource
2023-02-01 13:23:00,237 [Worker-19: Building] INFO  o.a.m.s.f.DefaultMavenResourcesFiltering - Copying 0 resource
2023-02-01 13:23:00,238 [Worker-19: Building] INFO  o.a.m.s.f.DefaultMavenResourcesFiltering - skip non existing resourceDirectory D:\Metro System\Metro-System-Spring-Boot\5.6_MetroSystemSpringBootDataJPAOtherQuery\src\test\resources
2023-02-01 13:23:31,299 [Worker-18: Building] INFO  o.a.m.s.f.DefaultMavenResourcesFiltering - Copying 1 resource
2023-02-01 13:23:31,305 [Worker-18: Building] INFO  o.a.m.s.f.DefaultMavenResourcesFiltering - Copying 0 resource
2023-02-01 13:23:31,306 [Worker-18: Building] INFO  o.a.m.s.f.DefaultMavenResourcesFiltering - skip non existing resourceDirectory D:\Metro System\Metro-System-Spring-Boot\5.6_MetroSystemSpringBootDataJPAOtherQuery\src\test\resources
2023-02-01 13:25:50,733 [Worker-26: Building] INFO  o.a.m.s.f.DefaultMavenResourcesFiltering - Copying 1 resource
2023-02-01 13:25:50,739 [Worker-26: Building] INFO  o.a.m.s.f.DefaultMavenResourcesFiltering - Copying 0 resource
2023-02-01 13:25:50,741 [Worker-26: Building] INFO  o.a.m.s.f.DefaultMavenResourcesFiltering - skip non existing resourceDirectory D:\Metro System\Metro-System-Spring-Boot\5.6_MetroSystemSpringBootDataJPAOtherQuery\src\test\resources
2023-02-01 13:26:14,079 [Worker-18: Building] INFO  o.a.m.s.f.DefaultMavenResourcesFiltering - Copying 1 resource
2023-02-01 13:26:14,084 [Worker-18: Building] INFO  o.a.m.s.f.DefaultMavenResourcesFiltering - Copying 0 resource
2023-02-01 13:26:14,085 [Worker-18: Building] INFO  o.a.m.s.f.DefaultMavenResourcesFiltering - skip non existing resourceDirectory D:\Metro System\Metro-System-Spring-Boot\5.6_MetroSystemSpringBootDataJPAOtherQuery\src\test\resources
2023-02-01 13:39:45,568 [Worker-19: Building] INFO  o.a.m.s.f.DefaultMavenResourcesFiltering - Copying 1 resource
2023-02-01 13:39:45,575 [Worker-19: Building] INFO  o.a.m.s.f.DefaultMavenResourcesFiltering - Copying 0 resource
2023-02-01 13:39:45,576 [Worker-19: Building] INFO  o.a.m.s.f.DefaultMavenResourcesFiltering - skip non existing resourceDirectory D:\Metro System\Metro-System-Spring-Boot\5.6_MetroSystemSpringBootDataJPAOtherQuery\src\test\resources
2023-02-01 13:39:48,757 [Worker-24: Building] INFO  o.a.m.s.f.DefaultMavenResourcesFiltering - Copying 1 resource
2023-02-01 13:39:48,763 [Worker-24: Building] INFO  o.a.m.s.f.DefaultMavenResourcesFiltering - Copying 0 resource
2023-02-01 13:39:48,764 [Worker-24: Building] INFO  o.a.m.s.f.DefaultMavenResourcesFiltering - skip non existing resourceDirectory D:\Metro System\Metro-System-Spring-Boot\5.6_MetroSystemSpringBootDataJPAOtherQuery\src\test\resources
2023-02-01 13:40:53,986 [Worker-38: Building] INFO  o.a.m.s.f.DefaultMavenResourcesFiltering - Copying 1 resource
2023-02-01 13:40:53,989 [Worker-38: Building] INFO  o.a.m.s.f.DefaultMavenResourcesFiltering - Copying 0 resource
2023-02-01 13:40:53,990 [Worker-38: Building] INFO  o.a.m.s.f.DefaultMavenResourcesFiltering - skip non existing resourceDirectory D:\Metro System\Metro-System-Spring-Boot\5.6_MetroSystemSpringBootDataJPAOtherQuery\src\test\resources
2023-02-01 13:45:45,726 [Worker-34: Building] INFO  o.a.m.s.f.DefaultMavenResourcesFiltering - Copying 1 resource
2023-02-01 13:45:45,732 [Worker-34: Building] INFO  o.a.m.s.f.DefaultMavenResourcesFiltering - Copying 0 resource
2023-02-01 13:45:45,733 [Worker-34: Building] INFO  o.a.m.s.f.DefaultMavenResourcesFiltering - skip non existing resourceDirectory D:\Metro System\Metro-System-Spring-Boot\5.6_MetroSystemSpringBootDataJPAOtherQuery\src\test\resources
2023-02-01 13:48:53,465 [Worker-33: Building] INFO  o.a.m.s.f.DefaultMavenResourcesFiltering - Copying 1 resource
2023-02-01 13:48:53,471 [Worker-33: Building] INFO  o.a.m.s.f.DefaultMavenResourcesFiltering - Copying 0 resource
2023-02-01 13:48:53,472 [Worker-33: Building] INFO  o.a.m.s.f.DefaultMavenResourcesFiltering - skip non existing resourceDirectory D:\Metro System\Metro-System-Spring-Boot\5.6_MetroSystemSpringBootDataJPAOtherQuery\src\test\resources
2023-02-01 15:00:27,260 [Worker-29: Building] INFO  o.a.m.s.f.DefaultMavenResourcesFiltering - Copying 1 resource
2023-02-01 15:00:27,277 [Worker-29: Building] INFO  o.a.m.s.f.DefaultMavenResourcesFiltering - Copying 0 resource
2023-02-01 15:00:27,278 [Worker-29: Building] INFO  o.a.m.s.f.DefaultMavenResourcesFiltering - skip non existing resourceDirectory D:\Metro System\Metro-System-Spring-Boot\5.6_MetroSystemSpringBootDataJPAOtherQuery\src\test\resources
2023-02-01 15:00:29,338 [Worker-42: Building] INFO  o.a.m.s.f.DefaultMavenResourcesFiltering - Copying 1 resource
2023-02-01 15:00:29,352 [Worker-42: Building] INFO  o.a.m.s.f.DefaultMavenResourcesFiltering - Copying 0 resource
2023-02-01 15:00:29,353 [Worker-42: Building] INFO  o.a.m.s.f.DefaultMavenResourcesFiltering - skip non existing resourceDirectory D:\Metro System\Metro-System-Spring-Boot\5.6_MetroSystemSpringBootDataJPAOtherQuery\src\test\resources
2023-02-01 15:02:06,390 [Worker-30: Building] INFO  o.a.m.s.f.DefaultMavenResourcesFiltering - Copying 1 resource
2023-02-01 15:02:06,396 [Worker-30: Building] INFO  o.a.m.s.f.DefaultMavenResourcesFiltering - Copying 0 resource
2023-02-01 15:02:06,397 [Worker-30: Building] INFO  o.a.m.s.f.DefaultMavenResourcesFiltering - skip non existing resourceDirectory D:\Metro System\Metro-System-Spring-Boot\5.6_MetroSystemSpringBootDataJPAOtherQuery\src\test\resources
2023-02-01 15:05:28,301 [Worker-41: Building] INFO  o.a.m.s.f.DefaultMavenResourcesFiltering - Copying 1 resource
2023-02-01 15:05:28,306 [Worker-41: Building] INFO  o.a.m.s.f.DefaultMavenResourcesFiltering - Copying 0 resource
2023-02-01 15:05:28,308 [Worker-41: Building] INFO  o.a.m.s.f.DefaultMavenResourcesFiltering - skip non existing resourceDirectory D:\Metro System\Metro-System-Spring-Boot\5.6_MetroSystemSpringBootDataJPAOtherQuery\src\test\resources
2023-02-01 15:05:50,127 [Worker-36: Building] INFO  o.a.m.s.f.DefaultMavenResourcesFiltering - Copying 1 resource
2023-02-01 15:05:50,131 [Worker-36: Building] INFO  o.a.m.s.f.DefaultMavenResourcesFiltering - Copying 0 resource
2023-02-01 15:05:50,133 [Worker-36: Building] INFO  o.a.m.s.f.DefaultMavenResourcesFiltering - skip non existing resourceDirectory D:\Metro System\Metro-System-Spring-Boot\5.6_MetroSystemSpringBootDataJPAOtherQuery\src\test\resources
2023-02-01 15:07:58,485 [Worker-29: Launching 5.6_MetroSystemSpringBootDataJPAOtherQuery - Application] INFO  o.a.m.s.f.DefaultMavenResourcesFiltering - Copying 1 resource
2023-02-01 15:07:58,491 [Worker-29: Launching 5.6_MetroSystemSpringBootDataJPAOtherQuery - Application] INFO  o.a.m.s.f.DefaultMavenResourcesFiltering - Copying 0 resource
2023-02-01 15:07:58,494 [Worker-29: Launching 5.6_MetroSystemSpringBootDataJPAOtherQuery - Application] INFO  o.a.m.s.f.DefaultMavenResourcesFiltering - skip non existing resourceDirectory D:\Metro System\Metro-System-Spring-Boot\5.6_MetroSystemSpringBootDataJPAOtherQuery\src\test\resources
2023-02-01 15:17:47,976 [Worker-43: Building] INFO  o.a.m.s.f.DefaultMavenResourcesFiltering - Copying 1 resource
2023-02-01 15:17:47,979 [Worker-43: Building] INFO  o.a.m.s.f.DefaultMavenResourcesFiltering - Copying 0 resource
2023-02-01 15:17:47,980 [Worker-43: Building] INFO  o.a.m.s.f.DefaultMavenResourcesFiltering - skip non existing resourceDirectory D:\Metro System\Metro-System-Spring-Boot\5.6_MetroSystemSpringBootDataJPAOtherQuery\src\test\resources
2023-02-01 15:18:12,652 [Worker-9: Building] INFO  o.a.m.s.f.DefaultMavenResourcesFiltering - Copying 1 resource
2023-02-01 15:18:12,656 [Worker-9: Building] INFO  o.a.m.s.f.DefaultMavenResourcesFiltering - Copying 0 resource
2023-02-01 15:18:12,659 [Worker-9: Building] INFO  o.a.m.s.f.DefaultMavenResourcesFiltering - skip non existing resourceDirectory D:\Metro System\Metro-System-Spring-Boot\5.6_MetroSystemSpringBootDataJPAOtherQuery\src\test\resources
2023-02-01 15:18:16,515 [Worker-43: Building] INFO  o.a.m.s.f.DefaultMavenResourcesFiltering - Copying 1 resource
2023-02-01 15:18:16,518 [Worker-43: Building] INFO  o.a.m.s.f.DefaultMavenResourcesFiltering - Copying 0 resource
2023-02-01 15:18:16,519 [Worker-43: Building] INFO  o.a.m.s.f.DefaultMavenResourcesFiltering - skip non existing resourceDirectory D:\Metro System\Metro-System-Spring-Boot\5.6_MetroSystemSpringBootDataJPAOtherQuery\src\test\resources
2023-02-01 15:18:59,065 [Worker-40: Building] INFO  o.a.m.s.f.DefaultMavenResourcesFiltering - Copying 1 resource
2023-02-01 15:18:59,068 [Worker-40: Building] INFO  o.a.m.s.f.DefaultMavenResourcesFiltering - Copying 0 resource
2023-02-01 15:18:59,069 [Worker-40: Building] INFO  o.a.m.s.f.DefaultMavenResourcesFiltering - skip non existing resourceDirectory D:\Metro System\Metro-System-Spring-Boot\5.6_MetroSystemSpringBootDataJPAOtherQuery\src\test\resources
2023-02-01 15:24:10,149 [Worker-44: Building] INFO  o.a.m.s.f.DefaultMavenResourcesFiltering - Copying 1 resource
2023-02-01 15:24:10,153 [Worker-44: Building] INFO  o.a.m.s.f.DefaultMavenResourcesFiltering - Copying 0 resource
2023-02-01 15:24:10,155 [Worker-44: Building] INFO  o.a.m.s.f.DefaultMavenResourcesFiltering - skip non existing resourceDirectory D:\Metro System\Metro-System-Spring-Boot\5.6_MetroSystemSpringBootDataJPAOtherQuery\src\test\resources
2023-02-01 15:25:15,849 [Worker-46: Building] INFO  o.a.m.s.f.DefaultMavenResourcesFiltering - Copying 1 resource
2023-02-01 15:25:15,853 [Worker-46: Building] INFO  o.a.m.s.f.DefaultMavenResourcesFiltering - Copying 0 resource
2023-02-01 15:25:15,854 [Worker-46: Building] INFO  o.a.m.s.f.DefaultMavenResourcesFiltering - skip non existing resourceDirectory D:\Metro System\Metro-System-Spring-Boot\5.6_MetroSystemSpringBootDataJPAOtherQuery\src\test\resources
2023-02-01 15:28:00,620 [Worker-45: Building] INFO  o.a.m.s.f.DefaultMavenResourcesFiltering - Copying 1 resource
2023-02-01 15:28:00,625 [Worker-45: Building] INFO  o.a.m.s.f.DefaultMavenResourcesFiltering - Copying 0 resource
2023-02-01 15:28:00,627 [Worker-45: Building] INFO  o.a.m.s.f.DefaultMavenResourcesFiltering - skip non existing resourceDirectory D:\Metro System\Metro-System-Spring-Boot\5.6_MetroSystemSpringBootDataJPAOtherQuery\src\test\resources
2023-02-01 15:29:03,677 [Worker-38: Building] INFO  o.a.m.s.f.DefaultMavenResourcesFiltering - Copying 1 resource
2023-02-01 15:29:03,680 [Worker-38: Building] INFO  o.a.m.s.f.DefaultMavenResourcesFiltering - Copying 0 resource
2023-02-01 15:29:03,681 [Worker-38: Building] INFO  o.a.m.s.f.DefaultMavenResourcesFiltering - skip non existing resourceDirectory D:\Metro System\Metro-System-Spring-Boot\5.6_MetroSystemSpringBootDataJPAOtherQuery\src\test\resources
2023-02-01 15:37:42,186 [Worker-45: Building] INFO  o.a.m.s.f.DefaultMavenResourcesFiltering - Copying 1 resource
2023-02-01 15:37:42,191 [Worker-45: Building] INFO  o.a.m.s.f.DefaultMavenResourcesFiltering - Copying 0 resource
2023-02-01 15:37:42,192 [Worker-45: Building] INFO  o.a.m.s.f.DefaultMavenResourcesFiltering - skip non existing resourceDirectory D:\Metro System\Metro-System-Spring-Boot\5.6_MetroSystemSpringBootDataJPAOtherQuery\src\test\resources
2023-02-01 15:40:10,541 [Worker-38: Building] INFO  o.a.m.s.f.DefaultMavenResourcesFiltering - Copying 1 resource
2023-02-01 15:40:10,546 [Worker-38: Building] INFO  o.a.m.s.f.DefaultMavenResourcesFiltering - Copying 0 resource
2023-02-01 15:40:10,548 [Worker-38: Building] INFO  o.a.m.s.f.DefaultMavenResourcesFiltering - skip non existing resourceDirectory D:\Metro System\Metro-System-Spring-Boot\5.6_MetroSystemSpringBootDataJPAOtherQuery\src\test\resources
